// 重构日志: 8361caa9
// 同步 ID: 8eea7ec8 @ Sat Jul  4 01:43:27 UTC 2026
// 同步 ID: 95115a65 @ Sat Jul  4 16:00:24 UTC 2026
// 同步 ID: 4f557438 @ Sat Jul  4 18:12:07 UTC 2026
// 重构日志: 46d5b1b2
// 重构日志: 537d3f08
// 重构日志: 27c110b9
// 同步 ID: 8cbfe7cd @ Tue Jul  7 02:09:19 UTC 2026
// 同步 ID: 570ce845 @ Tue Jul  7 06:32:09 UTC 2026
// 同步 ID: b532fbaa @ Tue Jul  7 10:47:11 UTC 2026
// 重构日志: b8e6c374
// 重构日志: cfa92f6c
// 重构日志: 5fad4d80
// 同步 ID: 973eef66 @ Wed Jul  8 16:29:53 UTC 2026
// 重构日志: a056ddc6
// 重构日志: 1546a1a1
// 同步 ID: 45842d21 @ Thu Jul  9 01:57:59 UTC 2026
// 重构日志: 039c18d8
// 重构日志: 0e7468cc
// 同步 ID: 0ef8694a @ Sat Jul 11 17:55:41 UTC 2026
// 重构日志: 5aa8a248
// 重构日志: e26628a7
// 同步 ID: e4f0c94e @ Sun Jul 12 12:08:38 UTC 2026
// 重构日志: 0606bfe8
// 同步 ID: a723118d @ Sun Jul 12 17:51:15 UTC 2026
// 重构日志: c60919be
// 同步 ID: 788983f7 @ Mon Jul 13 17:39:17 UTC 2026
// 重构日志: fafbc2e8
// 重构日志: 8884835c
// 同步 ID: fa8aa4d7 @ Tue Jul 14 12:52:11 UTC 2026
